2022-07-02 22:21:57,098 loglevel=INFO   /docs
2022-07-02 22:21:57,437 loglevel=INFO   /openapi.json
2022-07-02 22:27:01,895 loglevel=INFO   /img/airplanes/maximum
2022-07-02 22:27:08,001 loglevel=INFO   /img/airplanes/maximum
2022-07-02 22:29:50,175 loglevel=INFO   /img/airplane/location
2022-07-02 22:29:58,670 loglevel=INFO   /img/airplane/location
2022-07-02 22:30:02,907 loglevel=INFO   /img/airplane/location
2022-07-02 22:30:07,044 loglevel=INFO   /img/airplane/location
2022-07-02 22:30:10,962 loglevel=INFO   /img/airplane/location
2022-07-02 22:30:18,127 loglevel=INFO   /img/airplane/location
2022-07-02 22:30:18,153 loglevel=WARNING Invalid_Image_ID_Input
2022-07-02 22:30:22,496 loglevel=INFO   /img/airplane/location
2022-07-02 22:30:22,526 loglevel=WARNING Invalid_Image_ID_Input
2022-07-02 22:30:24,474 loglevel=INFO   /img/airplane/location
2022-07-02 22:30:24,505 loglevel=WARNING Invalid_Image_ID_Input
2022-07-02 22:30:25,972 loglevel=INFO   /img/airplane/location
2022-07-02 22:30:25,996 loglevel=WARNING Invalid_Image_ID_Input
2022-07-02 22:30:26,871 loglevel=INFO   /img/airplane/location
2022-07-02 22:30:26,898 loglevel=WARNING Invalid_Image_ID_Input
2022-07-02 22:30:35,535 loglevel=INFO   /img/airplanes/coordinates
2022-07-02 22:30:39,132 loglevel=INFO   /img/airplanes/coordinates
2022-07-02 22:30:40,488 loglevel=INFO   /img/airplanes/coordinates
2022-07-02 22:30:42,611 loglevel=INFO   /img/airplanes/coordinates
2022-07-02 22:30:44,491 loglevel=INFO   /img/airplanes/coordinates
2022-07-02 22:30:46,169 loglevel=INFO   /img/airplanes/coordinates
2022-07-02 22:30:47,480 loglevel=INFO   /img/airplanes/coordinates
2022-07-02 22:30:52,387 loglevel=INFO   /img/airplanes/coordinates
2022-07-02 22:30:52,411 loglevel=WARNING Invalid_Image_ID_Input
2022-07-02 22:30:53,383 loglevel=INFO   /img/airplanes/coordinates
2022-07-02 22:30:53,405 loglevel=WARNING Invalid_Image_ID_Input
2022-07-02 22:30:54,081 loglevel=INFO   /img/airplanes/coordinates
2022-07-02 22:30:54,101 loglevel=WARNING Invalid_Image_ID_Input
2022-07-02 22:31:03,858 loglevel=INFO   /img/display
2022-07-02 22:31:08,039 loglevel=INFO   /img/display
2022-07-02 22:31:11,621 loglevel=INFO   /img/display
2022-07-02 22:31:15,327 loglevel=INFO   /img/display
2022-07-02 22:31:18,909 loglevel=INFO   /img/display
2022-07-02 22:31:22,544 loglevel=INFO   /img/display
2022-07-02 22:31:29,917 loglevel=INFO   /img/display
2022-07-02 22:31:29,939 loglevel=WARNING Invalid_Image_ID_Input
2022-07-02 22:31:32,876 loglevel=INFO   /img/display
2022-07-02 22:31:32,900 loglevel=WARNING Invalid_Image_ID_Input
2022-07-02 22:31:33,995 loglevel=INFO   /img/display
2022-07-02 22:31:34,015 loglevel=WARNING Invalid_Image_ID_Input
2022-07-02 22:31:34,685 loglevel=INFO   /img/display
2022-07-02 22:31:34,707 loglevel=WARNING Invalid_Image_ID_Input
2022-07-02 22:31:35,247 loglevel=INFO   /img/display
2022-07-02 22:31:35,269 loglevel=WARNING Invalid_Image_ID_Input
2022-07-02 22:31:35,705 loglevel=INFO   /img/display
2022-07-02 22:31:35,726 loglevel=WARNING Invalid_Image_ID_Input
2022-07-02 22:31:36,172 loglevel=INFO   /img/display
2022-07-02 22:31:36,199 loglevel=WARNING Invalid_Image_ID_Input
2022-07-02 22:31:36,637 loglevel=INFO   /img/display
2022-07-02 22:31:36,661 loglevel=WARNING Invalid_Image_ID_Input
2022-07-02 22:31:48,715 loglevel=INFO   /img/airplanes/count
2022-07-02 22:31:53,253 loglevel=INFO   /img/airplanes/count
2022-07-02 22:31:57,166 loglevel=INFO   /img/airplanes/count
2022-07-02 22:32:00,877 loglevel=INFO   /img/airplanes/count
2022-07-02 22:32:04,626 loglevel=INFO   /img/airplanes/count
2022-07-02 22:32:08,106 loglevel=INFO   /img/airplanes/count
2022-07-02 22:32:12,427 loglevel=INFO   /img/airplanes/count
2022-07-02 22:32:26,814 loglevel=INFO   /img/airplanes/givenNumber
2022-07-02 22:32:31,128 loglevel=INFO   /img/airplanes/givenNumber
2022-07-02 22:32:35,070 loglevel=INFO   /img/airplanes/givenNumber
2022-07-02 22:32:38,857 loglevel=INFO   /img/airplanes/givenNumber
2022-07-02 22:32:43,643 loglevel=INFO   /img/airplanes/givenNumber
2022-07-02 22:32:51,838 loglevel=INFO   /img/airplanes/maximum
2022-07-02 22:32:56,665 loglevel=INFO   /img/airplanes/maximum
2022-07-02 22:33:00,139 loglevel=INFO   /img/airplanes/maximum
2022-07-02 22:33:04,067 loglevel=INFO   /img/airplanes/maximum
2022-07-02 22:33:07,824 loglevel=INFO   /img/airplanes/maximum
2022-07-02 22:33:11,468 loglevel=INFO   /img/airplanes/maximum
2022-07-02 22:33:26,506 loglevel=INFO   /img/airplanes/truncated
2022-07-02 22:33:30,767 loglevel=INFO   /img/airplanes/truncated
2022-07-02 22:33:34,635 loglevel=INFO   /img/airplanes/truncated
2022-07-02 22:33:38,415 loglevel=INFO   /img/airplanes/truncated
2022-07-02 22:33:42,220 loglevel=INFO   /img/airplanes/truncated
2022-07-02 22:33:45,606 loglevel=INFO   /img/airplanes/truncated
2022-07-02 22:33:49,162 loglevel=INFO   /img/airplanes/truncated
2022-07-03 22:39:10,634 loglevel=INFO   /token
2022-07-03 22:39:12,928 loglevel=INFO   /token
2022-07-03 22:41:32,999 loglevel=INFO   /token
2022-07-03 22:44:40,907 loglevel=INFO   /token
2022-07-03 22:55:38,214 loglevel=INFO   /token
2022-07-03 22:55:39,376 loglevel=INFO   /token
